[2021-09-01 20:33:50,116] INFO Starting the log cleaner (kafka.log.LogCleaner)
[2021-09-01 20:33:50,188] INFO [kafka-log-cleaner-thread-0]: Starting (kafka.log.LogCleaner)
[2021-09-02 09:37:41,181] INFO Starting the log cleaner (kafka.log.LogCleaner)
[2021-09-02 09:37:41,404] INFO [kafka-log-cleaner-thread-0]: Starting (kafka.log.LogCleaner)
[2021-09-03 18:32:43,028] INFO Starting the log cleaner (kafka.log.LogCleaner)
[2021-09-03 18:32:43,092] INFO [kafka-log-cleaner-thread-0]: Starting (kafka.log.LogCleaner)
[2021-09-04 12:56:32,487] INFO Starting the log cleaner (kafka.log.LogCleaner)
[2021-09-04 12:56:32,582] INFO [kafka-log-cleaner-thread-0]: Starting (kafka.log.LogCleaner)
[2021-09-05 04:53:24,323] INFO Starting the log cleaner (kafka.log.LogCleaner)
[2021-09-05 04:53:24,519] INFO [kafka-log-cleaner-thread-0]: Starting (kafka.log.LogCleaner)
[2021-09-05 07:37:20,893] INFO Starting the log cleaner (kafka.log.LogCleaner)
[2021-09-05 07:37:21,116] INFO [kafka-log-cleaner-thread-0]: Starting (kafka.log.LogCleaner)
[2021-09-06 19:44:25,163] INFO Starting the log cleaner (kafka.log.LogCleaner)
[2021-09-06 19:44:25,393] INFO [kafka-log-cleaner-thread-0]: Starting (kafka.log.LogCleaner)
[2021-09-07 08:22:54,168] INFO Starting the log cleaner (kafka.log.LogCleaner)
[2021-09-07 08:22:54,310] INFO [kafka-log-cleaner-thread-0]: Starting (kafka.log.LogCleaner)
[2021-09-07 18:13:35,730] INFO Starting the log cleaner (kafka.log.LogCleaner)
[2021-09-07 18:13:35,941] INFO [kafka-log-cleaner-thread-0]: Starting (kafka.log.LogCleaner)
[2021-09-09 11:23:35,141] INFO Cleaner 0: Beginning cleaning of log __consumer_offsets-39. (kafka.log.LogCleaner)
[2021-09-09 11:23:35,521] INFO Cleaner 0: Building offset map for __consumer_offsets-39... (kafka.log.LogCleaner)
[2021-09-09 11:23:36,973] INFO Cleaner 0: Building offset map for log __consumer_offsets-39 for 1 segments in offset range [0, 321). (kafka.log.LogCleaner)
[2021-09-09 11:23:37,725] INFO Cleaner 0: Offset map for log __consumer_offsets-39 complete. (kafka.log.LogCleaner)
[2021-09-09 11:23:37,735] INFO Cleaner 0: Cleaning log __consumer_offsets-39 (cleaning prior to Wed Sep 08 19:36:03 IST 2021, discarding tombstones prior to Thu Jan 01 05:30:00 IST 1970)... (kafka.log.LogCleaner)
[2021-09-09 11:23:37,758] INFO Cleaner 0: Cleaning LogSegment(baseOffset=0, size=85894, lastModifiedTime=1631109963988, largestRecordTimestamp=Some(1631109963986)) in log __consumer_offsets-39 into 0 with deletion horizon 0, retaining deletes. (kafka.log.LogCleaner)
[2021-09-09 11:23:38,301] INFO Cleaner 0: Swapping in cleaned segment LogSegment(baseOffset=0, size=1001, lastModifiedTime=1631109963988, largestRecordTimestamp=Some(1631109963986)) for segment(s) List(LogSegment(baseOffset=0, size=85894, lastModifiedTime=1631109963988, largestRecordTimestamp=Some(1631109963986))) in log Log(dir=D:\Workspace\SpringBoot\MB\Kafka\kafka\bin\windows\WorkspaceSpringBootMBKafkakafkadataKafka\__consumer_offsets-39, topic=__consumer_offsets, partition=39, highWatermark=323, lastStableOffset=323, logStartOffset=0, logEndOffset=323) (kafka.log.LogCleaner)
[2021-09-09 11:23:38,766] INFO Cleaner 0: Beginning cleaning of log __consumer_offsets-39. (kafka.log.LogCleaner)
[2021-09-09 11:23:38,766] INFO Cleaner 0: Building offset map for __consumer_offsets-39... (kafka.log.LogCleaner)
[2021-09-09 11:23:38,819] INFO Cleaner 0: Building offset map for log __consumer_offsets-39 for 1 segments in offset range [0, 321). (kafka.log.LogCleaner)
[2021-09-09 11:23:38,849] INFO Cleaner 0: Offset map for log __consumer_offsets-39 complete. (kafka.log.LogCleaner)
[2021-09-09 11:23:38,850] INFO Cleaner 0: Cleaning log __consumer_offsets-39 (cleaning prior to Wed Sep 08 19:36:03 IST 2021, discarding tombstones prior to Thu Jan 01 05:30:00 IST 1970)... (kafka.log.LogCleaner)
[2021-09-09 11:23:39,151] INFO Cleaner 0: Beginning cleaning of log __consumer_offsets-39. (kafka.log.LogCleaner)
[2021-09-09 11:23:39,152] INFO Cleaner 0: Building offset map for __consumer_offsets-39... (kafka.log.LogCleaner)
[2021-09-09 11:23:39,307] INFO Cleaner 0: Building offset map for log __consumer_offsets-39 for 1 segments in offset range [0, 321). (kafka.log.LogCleaner)
[2021-09-09 11:23:39,327] INFO Cleaner 0: Offset map for log __consumer_offsets-39 complete. (kafka.log.LogCleaner)
[2021-09-09 11:23:39,328] INFO Cleaner 0: Cleaning log __consumer_offsets-39 (cleaning prior to Wed Sep 08 19:36:03 IST 2021, discarding tombstones prior to Thu Jan 01 05:30:00 IST 1970)... (kafka.log.LogCleaner)
[2021-09-09 11:23:39,622] INFO Cleaner 0: Beginning cleaning of log __consumer_offsets-39. (kafka.log.LogCleaner)
[2021-09-09 11:23:39,622] INFO Cleaner 0: Building offset map for __consumer_offsets-39... (kafka.log.LogCleaner)
[2021-09-09 11:23:39,743] INFO Cleaner 0: Building offset map for log __consumer_offsets-39 for 1 segments in offset range [0, 321). (kafka.log.LogCleaner)
[2021-09-09 11:23:39,756] INFO Cleaner 0: Offset map for log __consumer_offsets-39 complete. (kafka.log.LogCleaner)
[2021-09-09 11:23:39,761] INFO Cleaner 0: Cleaning log __consumer_offsets-39 (cleaning prior to Wed Sep 08 19:36:03 IST 2021, discarding tombstones prior to Thu Jan 01 05:30:00 IST 1970)... (kafka.log.LogCleaner)
[2021-09-10 16:31:16,860] INFO Starting the log cleaner (kafka.log.LogCleaner)
[2021-09-10 16:31:17,092] INFO [kafka-log-cleaner-thread-0]: Starting (kafka.log.LogCleaner)
[2021-09-10 16:31:17,242] INFO Cleaner 0: Beginning cleaning of log __consumer_offsets-39. (kafka.log.LogCleaner)
[2021-09-10 16:31:17,243] INFO Cleaner 0: Building offset map for __consumer_offsets-39... (kafka.log.LogCleaner)
[2021-09-10 16:31:17,293] INFO Cleaner 0: Building offset map for log __consumer_offsets-39 for 1 segments in offset range [0, 321). (kafka.log.LogCleaner)
[2021-09-10 16:31:17,405] INFO Cleaner 0: Offset map for log __consumer_offsets-39 complete. (kafka.log.LogCleaner)
[2021-09-10 16:31:17,416] INFO Cleaner 0: Cleaning log __consumer_offsets-39 (cleaning prior to Wed Sep 08 19:36:03 IST 2021, discarding tombstones prior to Thu Jan 01 05:30:00 IST 1970)... (kafka.log.LogCleaner)
[2021-09-10 16:31:17,433] INFO Cleaner 0: Cleaning LogSegment(baseOffset=0, size=85894, lastModifiedTime=1631109963988, largestRecordTimestamp=Some(1631109963986)) in log __consumer_offsets-39 into 0 with deletion horizon 0, retaining deletes. (kafka.log.LogCleaner)
[2021-09-10 16:31:17,660] INFO Cleaner 0: Swapping in cleaned segment LogSegment(baseOffset=0, size=1001, lastModifiedTime=1631109963988, largestRecordTimestamp=Some(1631109963986)) for segment(s) List(LogSegment(baseOffset=0, size=85894, lastModifiedTime=1631109963988, largestRecordTimestamp=Some(1631109963986))) in log Log(dir=D:\Workspace\SpringBoot\MB\Kafka\kafka\bin\windows\WorkspaceSpringBootMBKafkakafkadataKafka\__consumer_offsets-39, topic=__consumer_offsets, partition=39, highWatermark=0, lastStableOffset=0, logStartOffset=0, logEndOffset=323) (kafka.log.LogCleaner)
[2021-09-10 16:31:17,722] INFO Cleaner 0: Beginning cleaning of log __consumer_offsets-39. (kafka.log.LogCleaner)
[2021-09-10 16:31:17,723] INFO Cleaner 0: Building offset map for __consumer_offsets-39... (kafka.log.LogCleaner)
[2021-09-10 16:31:17,758] INFO Cleaner 0: Building offset map for log __consumer_offsets-39 for 1 segments in offset range [0, 321). (kafka.log.LogCleaner)
[2021-09-10 16:31:17,774] INFO Cleaner 0: Offset map for log __consumer_offsets-39 complete. (kafka.log.LogCleaner)
[2021-09-10 16:31:17,774] INFO Cleaner 0: Cleaning log __consumer_offsets-39 (cleaning prior to Wed Sep 08 19:36:03 IST 2021, discarding tombstones prior to Thu Jan 01 05:30:00 IST 1970)... (kafka.log.LogCleaner)
[2021-09-10 16:31:17,824] INFO Cleaner 0: Beginning cleaning of log __consumer_offsets-39. (kafka.log.LogCleaner)
[2021-09-10 16:31:17,824] INFO Cleaner 0: Building offset map for __consumer_offsets-39... (kafka.log.LogCleaner)
[2021-09-10 16:31:17,855] INFO Cleaner 0: Building offset map for log __consumer_offsets-39 for 1 segments in offset range [0, 321). (kafka.log.LogCleaner)
[2021-09-10 16:31:17,860] INFO Cleaner 0: Offset map for log __consumer_offsets-39 complete. (kafka.log.LogCleaner)
[2021-09-10 16:31:17,862] INFO Cleaner 0: Cleaning log __consumer_offsets-39 (cleaning prior to Wed Sep 08 19:36:03 IST 2021, discarding tombstones prior to Thu Jan 01 05:30:00 IST 1970)... (kafka.log.LogCleaner)
[2021-09-10 16:31:17,912] INFO Cleaner 0: Beginning cleaning of log __consumer_offsets-39. (kafka.log.LogCleaner)
[2021-09-10 16:31:17,912] INFO Cleaner 0: Building offset map for __consumer_offsets-39... (kafka.log.LogCleaner)
[2021-09-10 16:31:17,944] INFO Cleaner 0: Building offset map for log __consumer_offsets-39 for 1 segments in offset range [0, 321). (kafka.log.LogCleaner)
[2021-09-10 16:31:17,948] INFO Cleaner 0: Offset map for log __consumer_offsets-39 complete. (kafka.log.LogCleaner)
[2021-09-10 16:31:17,948] INFO Cleaner 0: Cleaning log __consumer_offsets-39 (cleaning prior to Wed Sep 08 19:36:03 IST 2021, discarding tombstones prior to Thu Jan 01 05:30:00 IST 1970)... (kafka.log.LogCleaner)
[2021-09-10 16:31:18,007] INFO Cleaner 0: Beginning cleaning of log __consumer_offsets-39. (kafka.log.LogCleaner)
[2021-09-10 16:31:18,008] INFO Cleaner 0: Building offset map for __consumer_offsets-39... (kafka.log.LogCleaner)
[2021-09-10 16:31:18,048] INFO Cleaner 0: Building offset map for log __consumer_offsets-39 for 1 segments in offset range [0, 321). (kafka.log.LogCleaner)
[2021-09-10 16:31:18,050] INFO Cleaner 0: Offset map for log __consumer_offsets-39 complete. (kafka.log.LogCleaner)
[2021-09-10 16:31:18,051] INFO Cleaner 0: Cleaning log __consumer_offsets-39 (cleaning prior to Wed Sep 08 19:36:03 IST 2021, discarding tombstones prior to Thu Jan 01 05:30:00 IST 1970)... (kafka.log.LogCleaner)
[2021-09-10 16:31:18,099] INFO Cleaner 0: Beginning cleaning of log __consumer_offsets-39. (kafka.log.LogCleaner)
[2021-09-10 16:31:18,099] INFO Cleaner 0: Building offset map for __consumer_offsets-39... (kafka.log.LogCleaner)
[2021-09-10 16:31:18,139] INFO Cleaner 0: Building offset map for log __consumer_offsets-39 for 1 segments in offset range [0, 321). (kafka.log.LogCleaner)
[2021-09-10 16:31:18,142] INFO Cleaner 0: Offset map for log __consumer_offsets-39 complete. (kafka.log.LogCleaner)
[2021-09-10 16:31:18,142] INFO Cleaner 0: Cleaning log __consumer_offsets-39 (cleaning prior to Wed Sep 08 19:36:03 IST 2021, discarding tombstones prior to Thu Jan 01 05:30:00 IST 1970)... (kafka.log.LogCleaner)
[2021-09-10 16:31:18,186] INFO Cleaner 0: Beginning cleaning of log __consumer_offsets-39. (kafka.log.LogCleaner)
[2021-09-10 16:31:18,187] INFO Cleaner 0: Building offset map for __consumer_offsets-39... (kafka.log.LogCleaner)
[2021-09-10 16:31:18,226] INFO Cleaner 0: Building offset map for log __consumer_offsets-39 for 1 segments in offset range [0, 321). (kafka.log.LogCleaner)
[2021-09-10 16:31:18,229] INFO Cleaner 0: Offset map for log __consumer_offsets-39 complete. (kafka.log.LogCleaner)
[2021-09-10 16:31:18,229] INFO Cleaner 0: Cleaning log __consumer_offsets-39 (cleaning prior to Wed Sep 08 19:36:03 IST 2021, discarding tombstones prior to Thu Jan 01 05:30:00 IST 1970)... (kafka.log.LogCleaner)
[2021-09-10 16:31:18,275] INFO Cleaner 0: Beginning cleaning of log __consumer_offsets-39. (kafka.log.LogCleaner)
[2021-09-10 16:31:18,275] INFO Cleaner 0: Building offset map for __consumer_offsets-39... (kafka.log.LogCleaner)
[2021-09-10 16:31:18,314] INFO Cleaner 0: Building offset map for log __consumer_offsets-39 for 1 segments in offset range [0, 321). (kafka.log.LogCleaner)
[2021-09-10 16:31:18,317] INFO Cleaner 0: Offset map for log __consumer_offsets-39 complete. (kafka.log.LogCleaner)
[2021-09-10 16:31:18,317] INFO Cleaner 0: Cleaning log __consumer_offsets-39 (cleaning prior to Wed Sep 08 19:36:03 IST 2021, discarding tombstones prior to Thu Jan 01 05:30:00 IST 1970)... (kafka.log.LogCleaner)
[2021-09-10 16:31:18,363] INFO Cleaner 0: Beginning cleaning of log __consumer_offsets-39. (kafka.log.LogCleaner)
[2021-09-10 16:31:18,363] INFO Cleaner 0: Building offset map for __consumer_offsets-39... (kafka.log.LogCleaner)
[2021-09-10 16:31:18,404] INFO Cleaner 0: Building offset map for log __consumer_offsets-39 for 1 segments in offset range [0, 321). (kafka.log.LogCleaner)
[2021-09-10 16:31:18,408] INFO Cleaner 0: Offset map for log __consumer_offsets-39 complete. (kafka.log.LogCleaner)
[2021-09-10 16:31:18,409] INFO Cleaner 0: Cleaning log __consumer_offsets-39 (cleaning prior to Wed Sep 08 19:36:03 IST 2021, discarding tombstones prior to Thu Jan 01 05:30:00 IST 1970)... (kafka.log.LogCleaner)
[2021-09-10 16:31:18,472] INFO Cleaner 0: Beginning cleaning of log __consumer_offsets-39. (kafka.log.LogCleaner)
[2021-09-10 16:31:18,472] INFO Cleaner 0: Building offset map for __consumer_offsets-39... (kafka.log.LogCleaner)
[2021-09-10 16:31:18,510] INFO Cleaner 0: Building offset map for log __consumer_offsets-39 for 1 segments in offset range [0, 321). (kafka.log.LogCleaner)
[2021-09-10 16:31:18,512] INFO Cleaner 0: Offset map for log __consumer_offsets-39 complete. (kafka.log.LogCleaner)
[2021-09-10 16:31:18,512] INFO Cleaner 0: Cleaning log __consumer_offsets-39 (cleaning prior to Wed Sep 08 19:36:03 IST 2021, discarding tombstones prior to Thu Jan 01 05:30:00 IST 1970)... (kafka.log.LogCleaner)
[2021-09-10 16:31:18,572] INFO Cleaner 0: Beginning cleaning of log __consumer_offsets-39. (kafka.log.LogCleaner)
[2021-09-10 16:31:18,572] INFO Cleaner 0: Building offset map for __consumer_offsets-39... (kafka.log.LogCleaner)
[2021-09-10 16:31:18,611] INFO Cleaner 0: Building offset map for log __consumer_offsets-39 for 1 segments in offset range [0, 321). (kafka.log.LogCleaner)
[2021-09-10 16:31:18,613] INFO Cleaner 0: Offset map for log __consumer_offsets-39 complete. (kafka.log.LogCleaner)
[2021-09-10 16:31:18,613] INFO Cleaner 0: Cleaning log __consumer_offsets-39 (cleaning prior to Wed Sep 08 19:36:03 IST 2021, discarding tombstones prior to Thu Jan 01 05:30:00 IST 1970)... (kafka.log.LogCleaner)
[2021-09-10 16:31:18,671] INFO Cleaner 0: Beginning cleaning of log __consumer_offsets-39. (kafka.log.LogCleaner)
[2021-09-10 16:31:18,671] INFO Cleaner 0: Building offset map for __consumer_offsets-39... (kafka.log.LogCleaner)
[2021-09-10 16:31:18,718] INFO Cleaner 0: Building offset map for log __consumer_offsets-39 for 1 segments in offset range [0, 321). (kafka.log.LogCleaner)
[2021-09-10 16:31:18,721] INFO Cleaner 0: Offset map for log __consumer_offsets-39 complete. (kafka.log.LogCleaner)
[2021-09-10 16:31:18,721] INFO Cleaner 0: Cleaning log __consumer_offsets-39 (cleaning prior to Wed Sep 08 19:36:03 IST 2021, discarding tombstones prior to Thu Jan 01 05:30:00 IST 1970)... (kafka.log.LogCleaner)
[2021-09-10 16:31:18,771] INFO Cleaner 0: Beginning cleaning of log __consumer_offsets-39. (kafka.log.LogCleaner)
[2021-09-10 16:31:18,771] INFO Cleaner 0: Building offset map for __consumer_offsets-39... (kafka.log.LogCleaner)
[2021-09-10 16:31:18,811] INFO Cleaner 0: Building offset map for log __consumer_offsets-39 for 1 segments in offset range [0, 321). (kafka.log.LogCleaner)
[2021-09-10 16:31:18,815] INFO Cleaner 0: Offset map for log __consumer_offsets-39 complete. (kafka.log.LogCleaner)
[2021-09-10 16:31:18,815] INFO Cleaner 0: Cleaning log __consumer_offsets-39 (cleaning prior to Wed Sep 08 19:36:03 IST 2021, discarding tombstones prior to Thu Jan 01 05:30:00 IST 1970)... (kafka.log.LogCleaner)
[2021-09-10 16:31:18,944] INFO Cleaner 0: Beginning cleaning of log __consumer_offsets-39. (kafka.log.LogCleaner)
[2021-09-10 16:31:18,944] INFO Cleaner 0: Building offset map for __consumer_offsets-39... (kafka.log.LogCleaner)
[2021-09-10 16:31:18,981] INFO Cleaner 0: Building offset map for log __consumer_offsets-39 for 1 segments in offset range [0, 321). (kafka.log.LogCleaner)
[2021-09-10 16:31:18,984] INFO Cleaner 0: Offset map for log __consumer_offsets-39 complete. (kafka.log.LogCleaner)
[2021-09-10 16:31:18,985] INFO Cleaner 0: Cleaning log __consumer_offsets-39 (cleaning prior to Wed Sep 08 19:36:03 IST 2021, discarding tombstones prior to Thu Jan 01 05:30:00 IST 1970)... (kafka.log.LogCleaner)
[2021-09-10 16:31:19,350] INFO Cleaner 0: Beginning cleaning of log __consumer_offsets-39. (kafka.log.LogCleaner)
[2021-09-10 16:31:19,350] INFO Cleaner 0: Building offset map for __consumer_offsets-39... (kafka.log.LogCleaner)
[2021-09-10 16:31:19,385] INFO Cleaner 0: Building offset map for log __consumer_offsets-39 for 1 segments in offset range [0, 321). (kafka.log.LogCleaner)
[2021-09-10 16:31:19,387] INFO Cleaner 0: Offset map for log __consumer_offsets-39 complete. (kafka.log.LogCleaner)
[2021-09-10 16:31:19,388] INFO Cleaner 0: Cleaning log __consumer_offsets-39 (cleaning prior to Wed Sep 08 19:36:03 IST 2021, discarding tombstones prior to Thu Jan 01 05:30:00 IST 1970)... (kafka.log.LogCleaner)
[2021-09-10 16:31:19,392] INFO Cleaner 0: Cleaning LogSegment(baseOffset=0, size=85894, lastModifiedTime=1631109963988, largestRecordTimestamp=Some(1631109963986)) in log __consumer_offsets-39 into 0 with deletion horizon 0, retaining deletes. (kafka.log.LogCleaner)
[2021-09-10 16:31:19,509] INFO Cleaner 0: Swapping in cleaned segment LogSegment(baseOffset=0, size=1001, lastModifiedTime=1631109963988, largestRecordTimestamp=Some(1631109963986)) for segment(s) List(LogSegment(baseOffset=0, size=85894, lastModifiedTime=1631109963988, largestRecordTimestamp=Some(1631109963986))) in log Log(dir=D:\Workspace\SpringBoot\MB\Kafka\kafka\bin\windows\WorkspaceSpringBootMBKafkakafkadataKafka\__consumer_offsets-39, topic=__consumer_offsets, partition=39, highWatermark=0, lastStableOffset=0, logStartOffset=0, logEndOffset=323) (kafka.log.LogCleaner)
[2021-09-10 16:31:19,566] INFO Cleaner 0: Beginning cleaning of log __consumer_offsets-39. (kafka.log.LogCleaner)
[2021-09-10 16:31:19,567] INFO Cleaner 0: Building offset map for __consumer_offsets-39... (kafka.log.LogCleaner)
[2021-09-10 16:31:19,602] INFO Cleaner 0: Building offset map for log __consumer_offsets-39 for 1 segments in offset range [0, 321). (kafka.log.LogCleaner)
[2021-09-10 16:31:19,606] INFO Cleaner 0: Offset map for log __consumer_offsets-39 complete. (kafka.log.LogCleaner)
[2021-09-10 16:31:19,606] INFO Cleaner 0: Cleaning log __consumer_offsets-39 (cleaning prior to Wed Sep 08 19:36:03 IST 2021, discarding tombstones prior to Thu Jan 01 05:30:00 IST 1970)... (kafka.log.LogCleaner)
[2021-09-10 16:31:19,655] INFO Cleaner 0: Beginning cleaning of log __consumer_offsets-39. (kafka.log.LogCleaner)
[2021-09-10 16:31:19,655] INFO Cleaner 0: Building offset map for __consumer_offsets-39... (kafka.log.LogCleaner)
[2021-09-10 16:31:19,694] INFO Cleaner 0: Building offset map for log __consumer_offsets-39 for 1 segments in offset range [0, 321). (kafka.log.LogCleaner)
[2021-09-10 16:31:19,696] INFO Cleaner 0: Offset map for log __consumer_offsets-39 complete. (kafka.log.LogCleaner)
[2021-09-10 16:31:19,697] INFO Cleaner 0: Cleaning log __consumer_offsets-39 (cleaning prior to Wed Sep 08 19:36:03 IST 2021, discarding tombstones prior to Thu Jan 01 05:30:00 IST 1970)... (kafka.log.LogCleaner)
[2021-09-10 16:31:19,754] INFO Cleaner 0: Beginning cleaning of log __consumer_offsets-39. (kafka.log.LogCleaner)
[2021-09-10 16:31:19,754] INFO Cleaner 0: Building offset map for __consumer_offsets-39... (kafka.log.LogCleaner)
[2021-09-10 16:31:19,798] INFO Cleaner 0: Building offset map for log __consumer_offsets-39 for 1 segments in offset range [0, 321). (kafka.log.LogCleaner)
[2021-09-10 16:31:19,800] INFO Cleaner 0: Offset map for log __consumer_offsets-39 complete. (kafka.log.LogCleaner)
[2021-09-10 16:31:19,801] INFO Cleaner 0: Cleaning log __consumer_offsets-39 (cleaning prior to Wed Sep 08 19:36:03 IST 2021, discarding tombstones prior to Thu Jan 01 05:30:00 IST 1970)... (kafka.log.LogCleaner)
[2021-09-10 16:31:19,865] INFO Cleaner 0: Beginning cleaning of log __consumer_offsets-39. (kafka.log.LogCleaner)
[2021-09-10 16:31:19,866] INFO Cleaner 0: Building offset map for __consumer_offsets-39... (kafka.log.LogCleaner)
[2021-09-10 16:31:19,901] INFO Cleaner 0: Building offset map for log __consumer_offsets-39 for 1 segments in offset range [0, 321). (kafka.log.LogCleaner)
[2021-09-10 16:31:19,903] INFO Cleaner 0: Offset map for log __consumer_offsets-39 complete. (kafka.log.LogCleaner)
[2021-09-10 16:31:19,903] INFO Cleaner 0: Cleaning log __consumer_offsets-39 (cleaning prior to Wed Sep 08 19:36:03 IST 2021, discarding tombstones prior to Thu Jan 01 05:30:00 IST 1970)... (kafka.log.LogCleaner)
[2021-09-10 16:31:19,954] INFO Cleaner 0: Beginning cleaning of log __consumer_offsets-39. (kafka.log.LogCleaner)
[2021-09-10 16:31:19,954] INFO Cleaner 0: Building offset map for __consumer_offsets-39... (kafka.log.LogCleaner)
[2021-09-10 16:31:20,000] INFO Cleaner 0: Building offset map for log __consumer_offsets-39 for 1 segments in offset range [0, 321). (kafka.log.LogCleaner)
[2021-09-10 16:31:20,002] INFO Cleaner 0: Offset map for log __consumer_offsets-39 complete. (kafka.log.LogCleaner)
[2021-09-10 16:31:20,003] INFO Cleaner 0: Cleaning log __consumer_offsets-39 (cleaning prior to Wed Sep 08 19:36:03 IST 2021, discarding tombstones prior to Thu Jan 01 05:30:00 IST 1970)... (kafka.log.LogCleaner)
[2021-09-10 16:35:48,477] INFO Starting the log cleaner (kafka.log.LogCleaner)
[2021-09-10 16:35:48,638] INFO [kafka-log-cleaner-thread-0]: Starting (kafka.log.LogCleaner)
[2021-09-10 16:35:48,694] INFO Cleaner 0: Beginning cleaning of log __consumer_offsets-39. (kafka.log.LogCleaner)
[2021-09-10 16:35:48,695] INFO Cleaner 0: Building offset map for __consumer_offsets-39... (kafka.log.LogCleaner)
[2021-09-10 16:35:48,746] INFO Cleaner 0: Building offset map for log __consumer_offsets-39 for 1 segments in offset range [0, 321). (kafka.log.LogCleaner)
[2021-09-10 16:35:48,832] INFO Cleaner 0: Offset map for log __consumer_offsets-39 complete. (kafka.log.LogCleaner)
[2021-09-10 16:35:48,841] INFO Cleaner 0: Cleaning log __consumer_offsets-39 (cleaning prior to Wed Sep 08 19:36:03 IST 2021, discarding tombstones prior to Thu Jan 01 05:30:00 IST 1970)... (kafka.log.LogCleaner)
[2021-09-10 16:35:48,849] INFO Cleaner 0: Cleaning LogSegment(baseOffset=0, size=85894, lastModifiedTime=1631109963988, largestRecordTimestamp=Some(1631109963986)) in log __consumer_offsets-39 into 0 with deletion horizon 0, retaining deletes. (kafka.log.LogCleaner)
[2021-09-10 16:35:49,130] INFO Cleaner 0: Swapping in cleaned segment LogSegment(baseOffset=0, size=1001, lastModifiedTime=1631109963988, largestRecordTimestamp=Some(1631109963986)) for segment(s) List(LogSegment(baseOffset=0, size=85894, lastModifiedTime=1631109963988, largestRecordTimestamp=Some(1631109963986))) in log Log(dir=D:\Workspace\SpringBoot\MB\Kafka\kafka\bin\windows\WorkspaceSpringBootMBKafkakafkadataKafka\__consumer_offsets-39, topic=__consumer_offsets, partition=39, highWatermark=0, lastStableOffset=0, logStartOffset=0, logEndOffset=323) (kafka.log.LogCleaner)
[2021-09-10 16:35:49,205] INFO Cleaner 0: Beginning cleaning of log __consumer_offsets-39. (kafka.log.LogCleaner)
[2021-09-10 16:35:49,205] INFO Cleaner 0: Building offset map for __consumer_offsets-39... (kafka.log.LogCleaner)
[2021-09-10 16:35:49,248] INFO Cleaner 0: Building offset map for log __consumer_offsets-39 for 1 segments in offset range [0, 321). (kafka.log.LogCleaner)
[2021-09-10 16:35:49,266] INFO Cleaner 0: Offset map for log __consumer_offsets-39 complete. (kafka.log.LogCleaner)
[2021-09-10 16:35:49,266] INFO Cleaner 0: Cleaning log __consumer_offsets-39 (cleaning prior to Wed Sep 08 19:36:03 IST 2021, discarding tombstones prior to Thu Jan 01 05:30:00 IST 1970)... (kafka.log.LogCleaner)
[2021-09-10 16:35:49,316] INFO Cleaner 0: Beginning cleaning of log __consumer_offsets-39. (kafka.log.LogCleaner)
[2021-09-10 16:35:49,316] INFO Cleaner 0: Building offset map for __consumer_offsets-39... (kafka.log.LogCleaner)
[2021-09-10 16:35:49,354] INFO Cleaner 0: Building offset map for log __consumer_offsets-39 for 1 segments in offset range [0, 321). (kafka.log.LogCleaner)
[2021-09-10 16:35:49,358] INFO Cleaner 0: Offset map for log __consumer_offsets-39 complete. (kafka.log.LogCleaner)
[2021-09-10 16:35:49,359] INFO Cleaner 0: Cleaning log __consumer_offsets-39 (cleaning prior to Wed Sep 08 19:36:03 IST 2021, discarding tombstones prior to Thu Jan 01 05:30:00 IST 1970)... (kafka.log.LogCleaner)
[2021-09-10 16:35:49,404] INFO Cleaner 0: Beginning cleaning of log __consumer_offsets-39. (kafka.log.LogCleaner)
[2021-09-10 16:35:49,404] INFO Cleaner 0: Building offset map for __consumer_offsets-39... (kafka.log.LogCleaner)
[2021-09-10 16:35:49,446] INFO Cleaner 0: Building offset map for log __consumer_offsets-39 for 1 segments in offset range [0, 321). (kafka.log.LogCleaner)
[2021-09-10 16:35:49,448] INFO Cleaner 0: Offset map for log __consumer_offsets-39 complete. (kafka.log.LogCleaner)
[2021-09-10 16:35:49,449] INFO Cleaner 0: Cleaning log __consumer_offsets-39 (cleaning prior to Wed Sep 08 19:36:03 IST 2021, discarding tombstones prior to Thu Jan 01 05:30:00 IST 1970)... (kafka.log.LogCleaner)
[2021-09-10 16:35:49,503] INFO Cleaner 0: Beginning cleaning of log __consumer_offsets-39. (kafka.log.LogCleaner)
[2021-09-10 16:35:49,503] INFO Cleaner 0: Building offset map for __consumer_offsets-39... (kafka.log.LogCleaner)
[2021-09-10 16:35:49,545] INFO Cleaner 0: Building offset map for log __consumer_offsets-39 for 1 segments in offset range [0, 321). (kafka.log.LogCleaner)
[2021-09-10 16:35:49,548] INFO Cleaner 0: Offset map for log __consumer_offsets-39 complete. (kafka.log.LogCleaner)
[2021-09-10 16:35:49,549] INFO Cleaner 0: Cleaning log __consumer_offsets-39 (cleaning prior to Wed Sep 08 19:36:03 IST 2021, discarding tombstones prior to Thu Jan 01 05:30:00 IST 1970)... (kafka.log.LogCleaner)
[2021-09-10 16:35:49,607] INFO Cleaner 0: Beginning cleaning of log __consumer_offsets-39. (kafka.log.LogCleaner)
[2021-09-10 16:35:49,607] INFO Cleaner 0: Building offset map for __consumer_offsets-39... (kafka.log.LogCleaner)
[2021-09-10 16:35:49,656] INFO Cleaner 0: Building offset map for log __consumer_offsets-39 for 1 segments in offset range [0, 321). (kafka.log.LogCleaner)
[2021-09-10 16:35:49,659] INFO Cleaner 0: Offset map for log __consumer_offsets-39 complete. (kafka.log.LogCleaner)
[2021-09-10 16:35:49,659] INFO Cleaner 0: Cleaning log __consumer_offsets-39 (cleaning prior to Wed Sep 08 19:36:03 IST 2021, discarding tombstones prior to Thu Jan 01 05:30:00 IST 1970)... (kafka.log.LogCleaner)
[2021-09-10 16:35:49,715] INFO Cleaner 0: Beginning cleaning of log __consumer_offsets-39. (kafka.log.LogCleaner)
[2021-09-10 16:35:49,715] INFO Cleaner 0: Building offset map for __consumer_offsets-39... (kafka.log.LogCleaner)
[2021-09-10 16:35:49,758] INFO Cleaner 0: Building offset map for log __consumer_offsets-39 for 1 segments in offset range [0, 321). (kafka.log.LogCleaner)
[2021-09-10 16:35:49,761] INFO Cleaner 0: Offset map for log __consumer_offsets-39 complete. (kafka.log.LogCleaner)
[2021-09-10 16:35:49,762] INFO Cleaner 0: Cleaning log __consumer_offsets-39 (cleaning prior to Wed Sep 08 19:36:03 IST 2021, discarding tombstones prior to Thu Jan 01 05:30:00 IST 1970)... (kafka.log.LogCleaner)
[2021-09-10 16:35:49,815] INFO Cleaner 0: Beginning cleaning of log __consumer_offsets-39. (kafka.log.LogCleaner)
[2021-09-10 16:35:49,815] INFO Cleaner 0: Building offset map for __consumer_offsets-39... (kafka.log.LogCleaner)
[2021-09-10 16:35:49,872] INFO Cleaner 0: Building offset map for log __consumer_offsets-39 for 1 segments in offset range [0, 321). (kafka.log.LogCleaner)
[2021-09-10 16:35:49,876] INFO Cleaner 0: Offset map for log __consumer_offsets-39 complete. (kafka.log.LogCleaner)
[2021-09-10 16:35:49,877] INFO Cleaner 0: Cleaning log __consumer_offsets-39 (cleaning prior to Wed Sep 08 19:36:03 IST 2021, discarding tombstones prior to Thu Jan 01 05:30:00 IST 1970)... (kafka.log.LogCleaner)
[2021-09-10 16:35:49,881] INFO Cleaner 0: Cleaning LogSegment(baseOffset=0, size=85894, lastModifiedTime=1631109963988, largestRecordTimestamp=Some(1631109963986)) in log __consumer_offsets-39 into 0 with deletion horizon 0, retaining deletes. (kafka.log.LogCleaner)
[2021-09-10 16:35:49,981] INFO Cleaner 0: Swapping in cleaned segment LogSegment(baseOffset=0, size=1001, lastModifiedTime=1631109963988, largestRecordTimestamp=Some(1631109963986)) for segment(s) List(LogSegment(baseOffset=0, size=85894, lastModifiedTime=1631109963988, largestRecordTimestamp=Some(1631109963986))) in log Log(dir=D:\Workspace\SpringBoot\MB\Kafka\kafka\bin\windows\WorkspaceSpringBootMBKafkakafkadataKafka\__consumer_offsets-39, topic=__consumer_offsets, partition=39, highWatermark=0, lastStableOffset=0, logStartOffset=0, logEndOffset=323) (kafka.log.LogCleaner)
[2021-09-10 16:38:00,031] INFO Starting the log cleaner (kafka.log.LogCleaner)
[2021-09-10 16:38:00,144] INFO [kafka-log-cleaner-thread-0]: Starting (kafka.log.LogCleaner)
[2021-09-10 16:38:00,187] INFO Cleaner 0: Beginning cleaning of log __consumer_offsets-39. (kafka.log.LogCleaner)
[2021-09-10 16:38:00,188] INFO Cleaner 0: Building offset map for __consumer_offsets-39... (kafka.log.LogCleaner)
[2021-09-10 16:38:00,237] INFO Cleaner 0: Building offset map for log __consumer_offsets-39 for 1 segments in offset range [0, 321). (kafka.log.LogCleaner)
[2021-09-10 16:38:00,317] INFO Cleaner 0: Offset map for log __consumer_offsets-39 complete. (kafka.log.LogCleaner)
[2021-09-10 16:38:00,325] INFO Cleaner 0: Cleaning log __consumer_offsets-39 (cleaning prior to Wed Sep 08 19:36:03 IST 2021, discarding tombstones prior to Thu Jan 01 05:30:00 IST 1970)... (kafka.log.LogCleaner)
[2021-09-10 16:38:00,333] INFO Cleaner 0: Cleaning LogSegment(baseOffset=0, size=85894, lastModifiedTime=1631109963988, largestRecordTimestamp=Some(1631109963986)) in log __consumer_offsets-39 into 0 with deletion horizon 0, retaining deletes. (kafka.log.LogCleaner)
[2021-09-10 16:38:00,455] INFO Cleaner 0: Swapping in cleaned segment LogSegment(baseOffset=0, size=1001, lastModifiedTime=1631109963988, largestRecordTimestamp=Some(1631109963986)) for segment(s) List(LogSegment(baseOffset=0, size=85894, lastModifiedTime=1631109963988, largestRecordTimestamp=Some(1631109963986))) in log Log(dir=D:\Workspace\SpringBoot\MB\Kafka\kafka\bin\windows\WorkspaceSpringBootMBKafkakafkadataKafka\__consumer_offsets-39, topic=__consumer_offsets, partition=39, highWatermark=0, lastStableOffset=0, logStartOffset=0, logEndOffset=323) (kafka.log.LogCleaner)
[2021-09-10 16:38:00,538] INFO Cleaner 0: Beginning cleaning of log __consumer_offsets-39. (kafka.log.LogCleaner)
[2021-09-10 16:38:00,538] INFO Cleaner 0: Building offset map for __consumer_offsets-39... (kafka.log.LogCleaner)
[2021-09-10 16:38:00,574] INFO Cleaner 0: Building offset map for log __consumer_offsets-39 for 1 segments in offset range [0, 321). (kafka.log.LogCleaner)
[2021-09-10 16:38:00,590] INFO Cleaner 0: Offset map for log __consumer_offsets-39 complete. (kafka.log.LogCleaner)
[2021-09-10 16:38:00,591] INFO Cleaner 0: Cleaning log __consumer_offsets-39 (cleaning prior to Wed Sep 08 19:36:03 IST 2021, discarding tombstones prior to Thu Jan 01 05:30:00 IST 1970)... (kafka.log.LogCleaner)
[2021-09-10 16:38:00,642] INFO Cleaner 0: Beginning cleaning of log __consumer_offsets-39. (kafka.log.LogCleaner)
[2021-09-10 16:38:00,642] INFO Cleaner 0: Building offset map for __consumer_offsets-39... (kafka.log.LogCleaner)
[2021-09-10 16:38:00,678] INFO Cleaner 0: Building offset map for log __consumer_offsets-39 for 1 segments in offset range [0, 321). (kafka.log.LogCleaner)
[2021-09-10 16:38:00,687] INFO Cleaner 0: Offset map for log __consumer_offsets-39 complete. (kafka.log.LogCleaner)
[2021-09-10 16:38:00,688] INFO Cleaner 0: Cleaning log __consumer_offsets-39 (cleaning prior to Wed Sep 08 19:36:03 IST 2021, discarding tombstones prior to Thu Jan 01 05:30:00 IST 1970)... (kafka.log.LogCleaner)
[2021-09-10 16:38:00,742] INFO Cleaner 0: Beginning cleaning of log __consumer_offsets-39. (kafka.log.LogCleaner)
[2021-09-10 16:38:00,743] INFO Cleaner 0: Building offset map for __consumer_offsets-39... (kafka.log.LogCleaner)
[2021-09-10 16:38:00,774] INFO Cleaner 0: Building offset map for log __consumer_offsets-39 for 1 segments in offset range [0, 321). (kafka.log.LogCleaner)
[2021-09-10 16:38:00,778] INFO Cleaner 0: Offset map for log __consumer_offsets-39 complete. (kafka.log.LogCleaner)
[2021-09-10 16:38:00,779] INFO Cleaner 0: Cleaning log __consumer_offsets-39 (cleaning prior to Wed Sep 08 19:36:03 IST 2021, discarding tombstones prior to Thu Jan 01 05:30:00 IST 1970)... (kafka.log.LogCleaner)
[2021-09-10 16:38:00,828] INFO Cleaner 0: Beginning cleaning of log __consumer_offsets-39. (kafka.log.LogCleaner)
[2021-09-10 16:38:00,828] INFO Cleaner 0: Building offset map for __consumer_offsets-39... (kafka.log.LogCleaner)
[2021-09-10 16:38:00,866] INFO Cleaner 0: Building offset map for log __consumer_offsets-39 for 1 segments in offset range [0, 321). (kafka.log.LogCleaner)
[2021-09-10 16:38:00,869] INFO Cleaner 0: Offset map for log __consumer_offsets-39 complete. (kafka.log.LogCleaner)
[2021-09-10 16:38:00,870] INFO Cleaner 0: Cleaning log __consumer_offsets-39 (cleaning prior to Wed Sep 08 19:36:03 IST 2021, discarding tombstones prior to Thu Jan 01 05:30:00 IST 1970)... (kafka.log.LogCleaner)
[2021-09-10 16:38:00,917] INFO Cleaner 0: Beginning cleaning of log __consumer_offsets-39. (kafka.log.LogCleaner)
[2021-09-10 16:38:00,917] INFO Cleaner 0: Building offset map for __consumer_offsets-39... (kafka.log.LogCleaner)
[2021-09-10 16:38:00,951] INFO Cleaner 0: Building offset map for log __consumer_offsets-39 for 1 segments in offset range [0, 321). (kafka.log.LogCleaner)
[2021-09-10 16:38:00,954] INFO Cleaner 0: Offset map for log __consumer_offsets-39 complete. (kafka.log.LogCleaner)
[2021-09-10 16:38:00,954] INFO Cleaner 0: Cleaning log __consumer_offsets-39 (cleaning prior to Wed Sep 08 19:36:03 IST 2021, discarding tombstones prior to Thu Jan 01 05:30:00 IST 1970)... (kafka.log.LogCleaner)
[2021-09-10 16:38:01,004] INFO Cleaner 0: Beginning cleaning of log __consumer_offsets-39. (kafka.log.LogCleaner)
[2021-09-10 16:38:01,004] INFO Cleaner 0: Building offset map for __consumer_offsets-39... (kafka.log.LogCleaner)
[2021-09-10 16:38:01,038] INFO Cleaner 0: Building offset map for log __consumer_offsets-39 for 1 segments in offset range [0, 321). (kafka.log.LogCleaner)
[2021-09-10 16:38:01,041] INFO Cleaner 0: Offset map for log __consumer_offsets-39 complete. (kafka.log.LogCleaner)
[2021-09-10 16:38:01,042] INFO Cleaner 0: Cleaning log __consumer_offsets-39 (cleaning prior to Wed Sep 08 19:36:03 IST 2021, discarding tombstones prior to Thu Jan 01 05:30:00 IST 1970)... (kafka.log.LogCleaner)
[2021-09-10 16:38:01,146] INFO Cleaner 0: Beginning cleaning of log __consumer_offsets-39. (kafka.log.LogCleaner)
[2021-09-10 16:38:01,146] INFO Cleaner 0: Building offset map for __consumer_offsets-39... (kafka.log.LogCleaner)
[2021-09-10 16:38:01,192] INFO Cleaner 0: Building offset map for log __consumer_offsets-39 for 1 segments in offset range [0, 321). (kafka.log.LogCleaner)
[2021-09-10 16:38:01,195] INFO Cleaner 0: Offset map for log __consumer_offsets-39 complete. (kafka.log.LogCleaner)
[2021-09-10 16:38:01,195] INFO Cleaner 0: Cleaning log __consumer_offsets-39 (cleaning prior to Wed Sep 08 19:36:03 IST 2021, discarding tombstones prior to Thu Jan 01 05:30:00 IST 1970)... (kafka.log.LogCleaner)
[2021-09-10 16:38:01,247] INFO Cleaner 0: Beginning cleaning of log __consumer_offsets-39. (kafka.log.LogCleaner)
[2021-09-10 16:38:01,247] INFO Cleaner 0: Building offset map for __consumer_offsets-39... (kafka.log.LogCleaner)
[2021-09-10 16:38:01,288] INFO Cleaner 0: Building offset map for log __consumer_offsets-39 for 1 segments in offset range [0, 321). (kafka.log.LogCleaner)
[2021-09-10 16:38:01,290] INFO Cleaner 0: Offset map for log __consumer_offsets-39 complete. (kafka.log.LogCleaner)
[2021-09-10 16:38:01,291] INFO Cleaner 0: Cleaning log __consumer_offsets-39 (cleaning prior to Wed Sep 08 19:36:03 IST 2021, discarding tombstones prior to Thu Jan 01 05:30:00 IST 1970)... (kafka.log.LogCleaner)
[2021-09-10 16:38:01,336] INFO Cleaner 0: Beginning cleaning of log __consumer_offsets-39. (kafka.log.LogCleaner)
[2021-09-10 16:38:01,336] INFO Cleaner 0: Building offset map for __consumer_offsets-39... (kafka.log.LogCleaner)
[2021-09-10 16:38:01,377] INFO Cleaner 0: Building offset map for log __consumer_offsets-39 for 1 segments in offset range [0, 321). (kafka.log.LogCleaner)
[2021-09-10 16:38:01,379] INFO Cleaner 0: Offset map for log __consumer_offsets-39 complete. (kafka.log.LogCleaner)
[2021-09-10 16:38:01,380] INFO Cleaner 0: Cleaning log __consumer_offsets-39 (cleaning prior to Wed Sep 08 19:36:03 IST 2021, discarding tombstones prior to Thu Jan 01 05:30:00 IST 1970)... (kafka.log.LogCleaner)
[2021-09-10 16:38:01,382] INFO Cleaner 0: Cleaning LogSegment(baseOffset=0, size=85894, lastModifiedTime=1631109963988, largestRecordTimestamp=Some(1631109963986)) in log __consumer_offsets-39 into 0 with deletion horizon 0, retaining deletes. (kafka.log.LogCleaner)
[2021-09-10 16:38:01,482] INFO Cleaner 0: Swapping in cleaned segment LogSegment(baseOffset=0, size=1001, lastModifiedTime=1631109963988, largestRecordTimestamp=Some(1631109963986)) for segment(s) List(LogSegment(baseOffset=0, size=85894, lastModifiedTime=1631109963988, largestRecordTimestamp=Some(1631109963986))) in log Log(dir=D:\Workspace\SpringBoot\MB\Kafka\kafka\bin\windows\WorkspaceSpringBootMBKafkakafkadataKafka\__consumer_offsets-39, topic=__consumer_offsets, partition=39, highWatermark=0, lastStableOffset=0, logStartOffset=0, logEndOffset=323) (kafka.log.LogCleaner)
[2021-09-10 16:41:25,239] INFO Starting the log cleaner (kafka.log.LogCleaner)
[2021-09-10 16:41:25,537] INFO [kafka-log-cleaner-thread-0]: Starting (kafka.log.LogCleaner)
[2021-09-10 16:41:25,594] INFO Cleaner 0: Beginning cleaning of log __consumer_offsets-39. (kafka.log.LogCleaner)
[2021-09-10 16:41:25,596] INFO Cleaner 0: Building offset map for __consumer_offsets-39... (kafka.log.LogCleaner)
[2021-09-10 16:41:25,642] INFO Cleaner 0: Building offset map for log __consumer_offsets-39 for 1 segments in offset range [0, 321). (kafka.log.LogCleaner)
[2021-09-10 16:41:25,741] INFO Cleaner 0: Offset map for log __consumer_offsets-39 complete. (kafka.log.LogCleaner)
[2021-09-10 16:41:25,755] INFO Cleaner 0: Cleaning log __consumer_offsets-39 (cleaning prior to Wed Sep 08 19:36:03 IST 2021, discarding tombstones prior to Thu Jan 01 05:30:00 IST 1970)... (kafka.log.LogCleaner)
[2021-09-10 16:41:25,768] INFO Cleaner 0: Cleaning LogSegment(baseOffset=0, size=85894, lastModifiedTime=1631109963988, largestRecordTimestamp=Some(1631109963986)) in log __consumer_offsets-39 into 0 with deletion horizon 0, retaining deletes. (kafka.log.LogCleaner)
[2021-09-10 16:41:25,896] INFO Cleaner 0: Swapping in cleaned segment LogSegment(baseOffset=0, size=1001, lastModifiedTime=1631109963988, largestRecordTimestamp=Some(1631109963986)) for segment(s) List(LogSegment(baseOffset=0, size=85894, lastModifiedTime=1631109963988, largestRecordTimestamp=Some(1631109963986))) in log Log(dir=D:\Workspace\SpringBoot\MB\Kafka\kafka\bin\windows\WorkspaceSpringBootMBKafkakafkadataKafka\__consumer_offsets-39, topic=__consumer_offsets, partition=39, highWatermark=0, lastStableOffset=0, logStartOffset=0, logEndOffset=323) (kafka.log.LogCleaner)
[2021-09-10 16:41:26,035] INFO Cleaner 0: Beginning cleaning of log __consumer_offsets-39. (kafka.log.LogCleaner)
[2021-09-10 16:41:26,036] INFO Cleaner 0: Building offset map for __consumer_offsets-39... (kafka.log.LogCleaner)
[2021-09-10 16:41:26,070] INFO Cleaner 0: Building offset map for log __consumer_offsets-39 for 1 segments in offset range [0, 321). (kafka.log.LogCleaner)
[2021-09-10 16:41:26,085] INFO Cleaner 0: Offset map for log __consumer_offsets-39 complete. (kafka.log.LogCleaner)
[2021-09-10 16:41:26,086] INFO Cleaner 0: Cleaning log __consumer_offsets-39 (cleaning prior to Wed Sep 08 19:36:03 IST 2021, discarding tombstones prior to Thu Jan 01 05:30:00 IST 1970)... (kafka.log.LogCleaner)
[2021-09-10 16:41:26,137] INFO Cleaner 0: Beginning cleaning of log __consumer_offsets-39. (kafka.log.LogCleaner)
[2021-09-10 16:41:26,137] INFO Cleaner 0: Building offset map for __consumer_offsets-39... (kafka.log.LogCleaner)
[2021-09-10 16:41:26,168] INFO Cleaner 0: Building offset map for log __consumer_offsets-39 for 1 segments in offset range [0, 321). (kafka.log.LogCleaner)
[2021-09-10 16:41:26,174] INFO Cleaner 0: Offset map for log __consumer_offsets-39 complete. (kafka.log.LogCleaner)
[2021-09-10 16:41:26,174] INFO Cleaner 0: Cleaning log __consumer_offsets-39 (cleaning prior to Wed Sep 08 19:36:03 IST 2021, discarding tombstones prior to Thu Jan 01 05:30:00 IST 1970)... (kafka.log.LogCleaner)
[2021-09-10 16:41:26,225] INFO Cleaner 0: Beginning cleaning of log __consumer_offsets-39. (kafka.log.LogCleaner)
[2021-09-10 16:41:26,225] INFO Cleaner 0: Building offset map for __consumer_offsets-39... (kafka.log.LogCleaner)
[2021-09-10 16:41:26,257] INFO Cleaner 0: Building offset map for log __consumer_offsets-39 for 1 segments in offset range [0, 321). (kafka.log.LogCleaner)
[2021-09-10 16:41:26,260] INFO Cleaner 0: Offset map for log __consumer_offsets-39 complete. (kafka.log.LogCleaner)
[2021-09-10 16:41:26,260] INFO Cleaner 0: Cleaning log __consumer_offsets-39 (cleaning prior to Wed Sep 08 19:36:03 IST 2021, discarding tombstones prior to Thu Jan 01 05:30:00 IST 1970)... (kafka.log.LogCleaner)
[2021-09-10 16:41:26,313] INFO Cleaner 0: Beginning cleaning of log __consumer_offsets-39. (kafka.log.LogCleaner)
[2021-09-10 16:41:26,313] INFO Cleaner 0: Building offset map for __consumer_offsets-39... (kafka.log.LogCleaner)
[2021-09-10 16:41:26,344] INFO Cleaner 0: Building offset map for log __consumer_offsets-39 for 1 segments in offset range [0, 321). (kafka.log.LogCleaner)
[2021-09-10 16:41:26,347] INFO Cleaner 0: Offset map for log __consumer_offsets-39 complete. (kafka.log.LogCleaner)
[2021-09-10 16:41:26,348] INFO Cleaner 0: Cleaning log __consumer_offsets-39 (cleaning prior to Wed Sep 08 19:36:03 IST 2021, discarding tombstones prior to Thu Jan 01 05:30:00 IST 1970)... (kafka.log.LogCleaner)
[2021-09-10 16:41:26,400] INFO Cleaner 0: Beginning cleaning of log __consumer_offsets-39. (kafka.log.LogCleaner)
[2021-09-10 16:41:26,401] INFO Cleaner 0: Building offset map for __consumer_offsets-39... (kafka.log.LogCleaner)
[2021-09-10 16:41:26,432] INFO Cleaner 0: Building offset map for log __consumer_offsets-39 for 1 segments in offset range [0, 321). (kafka.log.LogCleaner)
[2021-09-10 16:41:26,434] INFO Cleaner 0: Offset map for log __consumer_offsets-39 complete. (kafka.log.LogCleaner)
[2021-09-10 16:41:26,435] INFO Cleaner 0: Cleaning log __consumer_offsets-39 (cleaning prior to Wed Sep 08 19:36:03 IST 2021, discarding tombstones prior to Thu Jan 01 05:30:00 IST 1970)... (kafka.log.LogCleaner)
[2021-09-10 16:41:26,478] INFO Cleaner 0: Beginning cleaning of log __consumer_offsets-39. (kafka.log.LogCleaner)
[2021-09-10 16:41:26,478] INFO Cleaner 0: Building offset map for __consumer_offsets-39... (kafka.log.LogCleaner)
[2021-09-10 16:41:26,509] INFO Cleaner 0: Building offset map for log __consumer_offsets-39 for 1 segments in offset range [0, 321). (kafka.log.LogCleaner)
[2021-09-10 16:41:26,512] INFO Cleaner 0: Offset map for log __consumer_offsets-39 complete. (kafka.log.LogCleaner)
[2021-09-10 16:41:26,512] INFO Cleaner 0: Cleaning log __consumer_offsets-39 (cleaning prior to Wed Sep 08 19:36:03 IST 2021, discarding tombstones prior to Thu Jan 01 05:30:00 IST 1970)... (kafka.log.LogCleaner)
[2021-09-10 16:41:26,555] INFO Cleaner 0: Beginning cleaning of log __consumer_offsets-39. (kafka.log.LogCleaner)
[2021-09-10 16:41:26,555] INFO Cleaner 0: Building offset map for __consumer_offsets-39... (kafka.log.LogCleaner)
[2021-09-10 16:41:26,585] INFO Cleaner 0: Building offset map for log __consumer_offsets-39 for 1 segments in offset range [0, 321). (kafka.log.LogCleaner)
[2021-09-10 16:41:26,587] INFO Cleaner 0: Offset map for log __consumer_offsets-39 complete. (kafka.log.LogCleaner)
[2021-09-10 16:41:26,588] INFO Cleaner 0: Cleaning log __consumer_offsets-39 (cleaning prior to Wed Sep 08 19:36:03 IST 2021, discarding tombstones prior to Thu Jan 01 05:30:00 IST 1970)... (kafka.log.LogCleaner)
[2021-09-10 16:41:26,633] INFO Cleaner 0: Beginning cleaning of log __consumer_offsets-39. (kafka.log.LogCleaner)
[2021-09-10 16:41:26,633] INFO Cleaner 0: Building offset map for __consumer_offsets-39... (kafka.log.LogCleaner)
[2021-09-10 16:41:26,664] INFO Cleaner 0: Building offset map for log __consumer_offsets-39 for 1 segments in offset range [0, 321). (kafka.log.LogCleaner)
[2021-09-10 16:41:26,666] INFO Cleaner 0: Offset map for log __consumer_offsets-39 complete. (kafka.log.LogCleaner)
[2021-09-10 16:41:26,667] INFO Cleaner 0: Cleaning log __consumer_offsets-39 (cleaning prior to Wed Sep 08 19:36:03 IST 2021, discarding tombstones prior to Thu Jan 01 05:30:00 IST 1970)... (kafka.log.LogCleaner)
[2021-09-10 16:41:26,709] INFO Cleaner 0: Beginning cleaning of log __consumer_offsets-39. (kafka.log.LogCleaner)
[2021-09-10 16:41:26,709] INFO Cleaner 0: Building offset map for __consumer_offsets-39... (kafka.log.LogCleaner)
[2021-09-10 16:41:26,740] INFO Cleaner 0: Building offset map for log __consumer_offsets-39 for 1 segments in offset range [0, 321). (kafka.log.LogCleaner)
[2021-09-10 16:41:26,742] INFO Cleaner 0: Offset map for log __consumer_offsets-39 complete. (kafka.log.LogCleaner)
[2021-09-10 16:41:26,743] INFO Cleaner 0: Cleaning log __consumer_offsets-39 (cleaning prior to Wed Sep 08 19:36:03 IST 2021, discarding tombstones prior to Thu Jan 01 05:30:00 IST 1970)... (kafka.log.LogCleaner)
[2021-09-10 16:41:26,784] INFO Cleaner 0: Beginning cleaning of log __consumer_offsets-39. (kafka.log.LogCleaner)
[2021-09-10 16:41:26,784] INFO Cleaner 0: Building offset map for __consumer_offsets-39... (kafka.log.LogCleaner)
[2021-09-10 16:41:26,819] INFO Cleaner 0: Building offset map for log __consumer_offsets-39 for 1 segments in offset range [0, 321). (kafka.log.LogCleaner)
[2021-09-10 16:41:26,821] INFO Cleaner 0: Offset map for log __consumer_offsets-39 complete. (kafka.log.LogCleaner)
[2021-09-10 16:41:26,822] INFO Cleaner 0: Cleaning log __consumer_offsets-39 (cleaning prior to Wed Sep 08 19:36:03 IST 2021, discarding tombstones prior to Thu Jan 01 05:30:00 IST 1970)... (kafka.log.LogCleaner)
[2021-09-10 16:41:26,863] INFO Cleaner 0: Beginning cleaning of log __consumer_offsets-39. (kafka.log.LogCleaner)
[2021-09-10 16:41:26,864] INFO Cleaner 0: Building offset map for __consumer_offsets-39... (kafka.log.LogCleaner)
[2021-09-10 16:41:26,899] INFO Cleaner 0: Building offset map for log __consumer_offsets-39 for 1 segments in offset range [0, 321). (kafka.log.LogCleaner)
[2021-09-10 16:41:26,902] INFO Cleaner 0: Offset map for log __consumer_offsets-39 complete. (kafka.log.LogCleaner)
[2021-09-10 16:41:26,903] INFO Cleaner 0: Cleaning log __consumer_offsets-39 (cleaning prior to Wed Sep 08 19:36:03 IST 2021, discarding tombstones prior to Thu Jan 01 05:30:00 IST 1970)... (kafka.log.LogCleaner)
[2021-09-10 16:41:26,973] INFO Cleaner 0: Beginning cleaning of log __consumer_offsets-39. (kafka.log.LogCleaner)
[2021-09-10 16:41:26,974] INFO Cleaner 0: Building offset map for __consumer_offsets-39... (kafka.log.LogCleaner)
[2021-09-10 16:41:27,019] INFO Cleaner 0: Building offset map for log __consumer_offsets-39 for 1 segments in offset range [0, 321). (kafka.log.LogCleaner)
[2021-09-10 16:41:27,022] INFO Cleaner 0: Offset map for log __consumer_offsets-39 complete. (kafka.log.LogCleaner)
[2021-09-10 16:41:27,022] INFO Cleaner 0: Cleaning log __consumer_offsets-39 (cleaning prior to Wed Sep 08 19:36:03 IST 2021, discarding tombstones prior to Thu Jan 01 05:30:00 IST 1970)... (kafka.log.LogCleaner)
[2021-09-10 16:41:27,072] INFO Cleaner 0: Beginning cleaning of log __consumer_offsets-39. (kafka.log.LogCleaner)
[2021-09-10 16:41:27,073] INFO Cleaner 0: Building offset map for __consumer_offsets-39... (kafka.log.LogCleaner)
[2021-09-10 16:41:27,114] INFO Cleaner 0: Building offset map for log __consumer_offsets-39 for 1 segments in offset range [0, 321). (kafka.log.LogCleaner)
[2021-09-10 16:41:27,116] INFO Cleaner 0: Offset map for log __consumer_offsets-39 complete. (kafka.log.LogCleaner)
[2021-09-10 16:41:27,116] INFO Cleaner 0: Cleaning log __consumer_offsets-39 (cleaning prior to Wed Sep 08 19:36:03 IST 2021, discarding tombstones prior to Thu Jan 01 05:30:00 IST 1970)... (kafka.log.LogCleaner)
[2021-09-10 16:41:27,161] INFO Cleaner 0: Beginning cleaning of log __consumer_offsets-39. (kafka.log.LogCleaner)
[2021-09-10 16:41:27,162] INFO Cleaner 0: Building offset map for __consumer_offsets-39... (kafka.log.LogCleaner)
[2021-09-10 16:41:27,196] INFO Cleaner 0: Building offset map for log __consumer_offsets-39 for 1 segments in offset range [0, 321). (kafka.log.LogCleaner)
[2021-09-10 16:41:27,198] INFO Cleaner 0: Offset map for log __consumer_offsets-39 complete. (kafka.log.LogCleaner)
[2021-09-10 16:41:27,199] INFO Cleaner 0: Cleaning log __consumer_offsets-39 (cleaning prior to Wed Sep 08 19:36:03 IST 2021, discarding tombstones prior to Thu Jan 01 05:30:00 IST 1970)... (kafka.log.LogCleaner)
[2021-09-10 16:41:27,251] INFO Cleaner 0: Beginning cleaning of log __consumer_offsets-39. (kafka.log.LogCleaner)
[2021-09-10 16:41:27,251] INFO Cleaner 0: Building offset map for __consumer_offsets-39... (kafka.log.LogCleaner)
[2021-09-10 16:41:27,290] INFO Cleaner 0: Building offset map for log __consumer_offsets-39 for 1 segments in offset range [0, 321). (kafka.log.LogCleaner)
[2021-09-10 16:41:27,292] INFO Cleaner 0: Offset map for log __consumer_offsets-39 complete. (kafka.log.LogCleaner)
[2021-09-10 16:41:27,292] INFO Cleaner 0: Cleaning log __consumer_offsets-39 (cleaning prior to Wed Sep 08 19:36:03 IST 2021, discarding tombstones prior to Thu Jan 01 05:30:00 IST 1970)... (kafka.log.LogCleaner)
[2021-09-10 16:41:27,339] INFO Cleaner 0: Beginning cleaning of log __consumer_offsets-39. (kafka.log.LogCleaner)
[2021-09-10 16:41:27,339] INFO Cleaner 0: Building offset map for __consumer_offsets-39... (kafka.log.LogCleaner)
[2021-09-10 16:41:27,394] INFO Cleaner 0: Building offset map for log __consumer_offsets-39 for 1 segments in offset range [0, 321). (kafka.log.LogCleaner)
[2021-09-10 16:41:27,401] INFO Cleaner 0: Offset map for log __consumer_offsets-39 complete. (kafka.log.LogCleaner)
[2021-09-10 16:41:27,401] INFO Cleaner 0: Cleaning log __consumer_offsets-39 (cleaning prior to Wed Sep 08 19:36:03 IST 2021, discarding tombstones prior to Thu Jan 01 05:30:00 IST 1970)... (kafka.log.LogCleaner)
[2021-09-10 16:41:27,406] INFO Cleaner 0: Cleaning LogSegment(baseOffset=0, size=85894, lastModifiedTime=1631109963988, largestRecordTimestamp=Some(1631109963986)) in log __consumer_offsets-39 into 0 with deletion horizon 0, retaining deletes. (kafka.log.LogCleaner)
[2021-09-10 16:41:27,488] INFO Cleaner 0: Swapping in cleaned segment LogSegment(baseOffset=0, size=1001, lastModifiedTime=1631109963988, largestRecordTimestamp=Some(1631109963986)) for segment(s) List(LogSegment(baseOffset=0, size=85894, lastModifiedTime=1631109963988, largestRecordTimestamp=Some(1631109963986))) in log Log(dir=D:\Workspace\SpringBoot\MB\Kafka\kafka\bin\windows\WorkspaceSpringBootMBKafkakafkadataKafka\__consumer_offsets-39, topic=__consumer_offsets, partition=39, highWatermark=0, lastStableOffset=0, logStartOffset=0, logEndOffset=323) (kafka.log.LogCleaner)
[2021-09-10 16:41:27,537] INFO Cleaner 0: Beginning cleaning of log __consumer_offsets-39. (kafka.log.LogCleaner)
[2021-09-10 16:41:27,537] INFO Cleaner 0: Building offset map for __consumer_offsets-39... (kafka.log.LogCleaner)
[2021-09-10 16:41:27,581] INFO Cleaner 0: Building offset map for log __consumer_offsets-39 for 1 segments in offset range [0, 321). (kafka.log.LogCleaner)
[2021-09-10 16:41:27,585] INFO Cleaner 0: Offset map for log __consumer_offsets-39 complete. (kafka.log.LogCleaner)
[2021-09-10 16:41:27,586] INFO Cleaner 0: Cleaning log __consumer_offsets-39 (cleaning prior to Wed Sep 08 19:36:03 IST 2021, discarding tombstones prior to Thu Jan 01 05:30:00 IST 1970)... (kafka.log.LogCleaner)
[2021-09-10 16:41:27,625] INFO Cleaner 0: Beginning cleaning of log __consumer_offsets-39. (kafka.log.LogCleaner)
[2021-09-10 16:41:27,625] INFO Cleaner 0: Building offset map for __consumer_offsets-39... (kafka.log.LogCleaner)
[2021-09-10 16:41:27,660] INFO Cleaner 0: Building offset map for log __consumer_offsets-39 for 1 segments in offset range [0, 321). (kafka.log.LogCleaner)
[2021-09-10 16:41:27,661] INFO Cleaner 0: Offset map for log __consumer_offsets-39 complete. (kafka.log.LogCleaner)
[2021-09-10 16:41:27,662] INFO Cleaner 0: Cleaning log __consumer_offsets-39 (cleaning prior to Wed Sep 08 19:36:03 IST 2021, discarding tombstones prior to Thu Jan 01 05:30:00 IST 1970)... (kafka.log.LogCleaner)
[2021-09-10 16:41:27,714] INFO Cleaner 0: Beginning cleaning of log __consumer_offsets-39. (kafka.log.LogCleaner)
[2021-09-10 16:41:27,714] INFO Cleaner 0: Building offset map for __consumer_offsets-39... (kafka.log.LogCleaner)
[2021-09-10 16:41:27,756] INFO Cleaner 0: Building offset map for log __consumer_offsets-39 for 1 segments in offset range [0, 321). (kafka.log.LogCleaner)
[2021-09-10 16:41:27,759] INFO Cleaner 0: Offset map for log __consumer_offsets-39 complete. (kafka.log.LogCleaner)
[2021-09-10 16:41:27,759] INFO Cleaner 0: Cleaning log __consumer_offsets-39 (cleaning prior to Wed Sep 08 19:36:03 IST 2021, discarding tombstones prior to Thu Jan 01 05:30:00 IST 1970)... (kafka.log.LogCleaner)
[2021-09-10 16:41:27,804] INFO Cleaner 0: Beginning cleaning of log __consumer_offsets-39. (kafka.log.LogCleaner)
[2021-09-10 16:41:27,804] INFO Cleaner 0: Building offset map for __consumer_offsets-39... (kafka.log.LogCleaner)
[2021-09-10 16:41:27,840] INFO Cleaner 0: Building offset map for log __consumer_offsets-39 for 1 segments in offset range [0, 321). (kafka.log.LogCleaner)
[2021-09-10 16:41:27,843] INFO Cleaner 0: Offset map for log __consumer_offsets-39 complete. (kafka.log.LogCleaner)
[2021-09-10 16:41:27,844] INFO Cleaner 0: Cleaning log __consumer_offsets-39 (cleaning prior to Wed Sep 08 19:36:03 IST 2021, discarding tombstones prior to Thu Jan 01 05:30:00 IST 1970)... (kafka.log.LogCleaner)
[2021-09-10 16:41:27,891] INFO Cleaner 0: Beginning cleaning of log __consumer_offsets-39. (kafka.log.LogCleaner)
[2021-09-10 16:41:27,891] INFO Cleaner 0: Building offset map for __consumer_offsets-39... (kafka.log.LogCleaner)
[2021-09-10 16:41:27,930] INFO Cleaner 0: Building offset map for log __consumer_offsets-39 for 1 segments in offset range [0, 321). (kafka.log.LogCleaner)
[2021-09-10 16:41:27,934] INFO Cleaner 0: Offset map for log __consumer_offsets-39 complete. (kafka.log.LogCleaner)
[2021-09-10 16:41:27,934] INFO Cleaner 0: Cleaning log __consumer_offsets-39 (cleaning prior to Wed Sep 08 19:36:03 IST 2021, discarding tombstones prior to Thu Jan 01 05:30:00 IST 1970)... (kafka.log.LogCleaner)
[2021-09-10 16:44:03,614] INFO Starting the log cleaner (kafka.log.LogCleaner)
[2021-09-10 16:44:03,749] INFO [kafka-log-cleaner-thread-0]: Starting (kafka.log.LogCleaner)
[2021-09-10 16:44:03,812] INFO Cleaner 0: Beginning cleaning of log __consumer_offsets-39. (kafka.log.LogCleaner)
[2021-09-10 16:44:03,814] INFO Cleaner 0: Building offset map for __consumer_offsets-39... (kafka.log.LogCleaner)
[2021-09-10 16:44:03,868] INFO Cleaner 0: Building offset map for log __consumer_offsets-39 for 1 segments in offset range [0, 321). (kafka.log.LogCleaner)
[2021-09-10 16:44:03,962] INFO Cleaner 0: Offset map for log __consumer_offsets-39 complete. (kafka.log.LogCleaner)
[2021-09-10 16:44:03,974] INFO Cleaner 0: Cleaning log __consumer_offsets-39 (cleaning prior to Wed Sep 08 19:36:03 IST 2021, discarding tombstones prior to Thu Jan 01 05:30:00 IST 1970)... (kafka.log.LogCleaner)
[2021-09-10 16:44:03,983] INFO Cleaner 0: Cleaning LogSegment(baseOffset=0, size=85894, lastModifiedTime=1631109963988, largestRecordTimestamp=Some(1631109963986)) in log __consumer_offsets-39 into 0 with deletion horizon 0, retaining deletes. (kafka.log.LogCleaner)
[2021-09-10 16:44:04,131] INFO Cleaner 0: Swapping in cleaned segment LogSegment(baseOffset=0, size=1001, lastModifiedTime=1631109963988, largestRecordTimestamp=Some(1631109963986)) for segment(s) List(LogSegment(baseOffset=0, size=85894, lastModifiedTime=1631109963988, largestRecordTimestamp=Some(1631109963986))) in log Log(dir=D:\Workspace\SpringBoot\MB\Kafka\kafka\bin\windows\WorkspaceSpringBootMBKafkakafkadataKafka\__consumer_offsets-39, topic=__consumer_offsets, partition=39, highWatermark=0, lastStableOffset=0, logStartOffset=0, logEndOffset=323) (kafka.log.LogCleaner)
[2021-09-10 16:44:04,205] INFO Cleaner 0: Beginning cleaning of log __consumer_offsets-39. (kafka.log.LogCleaner)
[2021-09-10 16:44:04,205] INFO Cleaner 0: Building offset map for __consumer_offsets-39... (kafka.log.LogCleaner)
[2021-09-10 16:44:04,243] INFO Cleaner 0: Building offset map for log __consumer_offsets-39 for 1 segments in offset range [0, 321). (kafka.log.LogCleaner)
[2021-09-10 16:44:04,262] INFO Cleaner 0: Offset map for log __consumer_offsets-39 complete. (kafka.log.LogCleaner)
[2021-09-10 16:44:04,263] INFO Cleaner 0: Cleaning log __consumer_offsets-39 (cleaning prior to Wed Sep 08 19:36:03 IST 2021, discarding tombstones prior to Thu Jan 01 05:30:00 IST 1970)... (kafka.log.LogCleaner)
[2021-09-10 16:44:04,329] INFO Cleaner 0: Beginning cleaning of log __consumer_offsets-39. (kafka.log.LogCleaner)
[2021-09-10 16:44:04,329] INFO Cleaner 0: Building offset map for __consumer_offsets-39... (kafka.log.LogCleaner)
[2021-09-10 16:44:04,360] INFO Cleaner 0: Building offset map for log __consumer_offsets-39 for 1 segments in offset range [0, 321). (kafka.log.LogCleaner)
[2021-09-10 16:44:04,365] INFO Cleaner 0: Offset map for log __consumer_offsets-39 complete. (kafka.log.LogCleaner)
[2021-09-10 16:44:04,365] INFO Cleaner 0: Cleaning log __consumer_offsets-39 (cleaning prior to Wed Sep 08 19:36:03 IST 2021, discarding tombstones prior to Thu Jan 01 05:30:00 IST 1970)... (kafka.log.LogCleaner)
[2021-09-10 16:44:04,419] INFO Cleaner 0: Beginning cleaning of log __consumer_offsets-39. (kafka.log.LogCleaner)
[2021-09-10 16:44:04,419] INFO Cleaner 0: Building offset map for __consumer_offsets-39... (kafka.log.LogCleaner)
[2021-09-10 16:44:04,457] INFO Cleaner 0: Building offset map for log __consumer_offsets-39 for 1 segments in offset range [0, 321). (kafka.log.LogCleaner)
[2021-09-10 16:44:04,462] INFO Cleaner 0: Offset map for log __consumer_offsets-39 complete. (kafka.log.LogCleaner)
[2021-09-10 16:44:04,463] INFO Cleaner 0: Cleaning log __consumer_offsets-39 (cleaning prior to Wed Sep 08 19:36:03 IST 2021, discarding tombstones prior to Thu Jan 01 05:30:00 IST 1970)... (kafka.log.LogCleaner)
[2021-09-10 16:44:04,529] INFO Cleaner 0: Beginning cleaning of log __consumer_offsets-39. (kafka.log.LogCleaner)
[2021-09-10 16:44:04,529] INFO Cleaner 0: Building offset map for __consumer_offsets-39... (kafka.log.LogCleaner)
[2021-09-10 16:44:04,563] INFO Cleaner 0: Building offset map for log __consumer_offsets-39 for 1 segments in offset range [0, 321). (kafka.log.LogCleaner)
[2021-09-10 16:44:04,566] INFO Cleaner 0: Offset map for log __consumer_offsets-39 complete. (kafka.log.LogCleaner)
[2021-09-10 16:44:04,567] INFO Cleaner 0: Cleaning log __consumer_offsets-39 (cleaning prior to Wed Sep 08 19:36:03 IST 2021, discarding tombstones prior to Thu Jan 01 05:30:00 IST 1970)... (kafka.log.LogCleaner)
[2021-09-10 16:44:04,618] INFO Cleaner 0: Beginning cleaning of log __consumer_offsets-39. (kafka.log.LogCleaner)
[2021-09-10 16:44:04,618] INFO Cleaner 0: Building offset map for __consumer_offsets-39... (kafka.log.LogCleaner)
[2021-09-10 16:44:04,656] INFO Cleaner 0: Building offset map for log __consumer_offsets-39 for 1 segments in offset range [0, 321). (kafka.log.LogCleaner)
[2021-09-10 16:44:04,659] INFO Cleaner 0: Offset map for log __consumer_offsets-39 complete. (kafka.log.LogCleaner)
[2021-09-10 16:44:04,660] INFO Cleaner 0: Cleaning log __consumer_offsets-39 (cleaning prior to Wed Sep 08 19:36:03 IST 2021, discarding tombstones prior to Thu Jan 01 05:30:00 IST 1970)... (kafka.log.LogCleaner)
[2021-09-10 16:44:04,725] INFO Cleaner 0: Beginning cleaning of log __consumer_offsets-39. (kafka.log.LogCleaner)
[2021-09-10 16:44:04,725] INFO Cleaner 0: Building offset map for __consumer_offsets-39... (kafka.log.LogCleaner)
[2021-09-10 16:44:04,768] INFO Cleaner 0: Building offset map for log __consumer_offsets-39 for 1 segments in offset range [0, 321). (kafka.log.LogCleaner)
[2021-09-10 16:44:04,770] INFO Cleaner 0: Offset map for log __consumer_offsets-39 complete. (kafka.log.LogCleaner)
[2021-09-10 16:44:04,770] INFO Cleaner 0: Cleaning log __consumer_offsets-39 (cleaning prior to Wed Sep 08 19:36:03 IST 2021, discarding tombstones prior to Thu Jan 01 05:30:00 IST 1970)... (kafka.log.LogCleaner)
[2021-09-10 16:44:04,838] INFO Cleaner 0: Beginning cleaning of log __consumer_offsets-39. (kafka.log.LogCleaner)
[2021-09-10 16:44:04,838] INFO Cleaner 0: Building offset map for __consumer_offsets-39... (kafka.log.LogCleaner)
[2021-09-10 16:44:04,881] INFO Cleaner 0: Building offset map for log __consumer_offsets-39 for 1 segments in offset range [0, 321). (kafka.log.LogCleaner)
[2021-09-10 16:44:04,884] INFO Cleaner 0: Offset map for log __consumer_offsets-39 complete. (kafka.log.LogCleaner)
[2021-09-10 16:44:04,884] INFO Cleaner 0: Cleaning log __consumer_offsets-39 (cleaning prior to Wed Sep 08 19:36:03 IST 2021, discarding tombstones prior to Thu Jan 01 05:30:00 IST 1970)... (kafka.log.LogCleaner)
[2021-09-10 16:44:04,974] INFO Cleaner 0: Beginning cleaning of log __consumer_offsets-39. (kafka.log.LogCleaner)
[2021-09-10 16:44:04,974] INFO Cleaner 0: Building offset map for __consumer_offsets-39... (kafka.log.LogCleaner)
[2021-09-10 16:44:05,014] INFO Cleaner 0: Building offset map for log __consumer_offsets-39 for 1 segments in offset range [0, 321). (kafka.log.LogCleaner)
[2021-09-10 16:44:05,016] INFO Cleaner 0: Offset map for log __consumer_offsets-39 complete. (kafka.log.LogCleaner)
[2021-09-10 16:44:05,016] INFO Cleaner 0: Cleaning log __consumer_offsets-39 (cleaning prior to Wed Sep 08 19:36:03 IST 2021, discarding tombstones prior to Thu Jan 01 05:30:00 IST 1970)... (kafka.log.LogCleaner)
[2021-09-10 16:44:05,019] INFO Cleaner 0: Cleaning LogSegment(baseOffset=0, size=85894, lastModifiedTime=1631109963988, largestRecordTimestamp=Some(1631109963986)) in log __consumer_offsets-39 into 0 with deletion horizon 0, retaining deletes. (kafka.log.LogCleaner)
[2021-09-10 16:44:05,182] INFO Cleaner 0: Swapping in cleaned segment LogSegment(baseOffset=0, size=1001, lastModifiedTime=1631109963988, largestRecordTimestamp=Some(1631109963986)) for segment(s) List(LogSegment(baseOffset=0, size=85894, lastModifiedTime=1631109963988, largestRecordTimestamp=Some(1631109963986))) in log Log(dir=D:\Workspace\SpringBoot\MB\Kafka\kafka\bin\windows\WorkspaceSpringBootMBKafkakafkadataKafka\__consumer_offsets-39, topic=__consumer_offsets, partition=39, highWatermark=0, lastStableOffset=0, logStartOffset=0, logEndOffset=323) (kafka.log.LogCleaner)
[2021-09-10 16:51:13,445] INFO Starting the log cleaner (kafka.log.LogCleaner)
[2021-09-10 16:51:13,562] INFO [kafka-log-cleaner-thread-0]: Starting (kafka.log.LogCleaner)
[2021-09-10 16:51:37,544] INFO Shutting down the log cleaner. (kafka.log.LogCleaner)
[2021-09-10 16:51:37,545] INFO [kafka-log-cleaner-thread-0]: Shutting down (kafka.log.LogCleaner)
[2021-09-10 16:51:37,546] INFO [kafka-log-cleaner-thread-0]: Stopped (kafka.log.LogCleaner)
[2021-09-10 16:51:37,546] INFO [kafka-log-cleaner-thread-0]: Shutdown completed (kafka.log.LogCleaner)
[2021-09-10 17:31:16,329] INFO Starting the log cleaner (kafka.log.LogCleaner)
[2021-09-10 17:31:16,448] INFO [kafka-log-cleaner-thread-0]: Starting (kafka.log.LogCleaner)
[2021-09-11 11:26:02,546] INFO Starting the log cleaner (kafka.log.LogCleaner)
[2021-09-11 11:26:02,852] INFO [kafka-log-cleaner-thread-0]: Starting (kafka.log.LogCleaner)
[2021-09-15 13:39:57,189] INFO Starting the log cleaner (kafka.log.LogCleaner)
[2021-09-15 13:39:57,449] INFO [kafka-log-cleaner-thread-0]: Starting (kafka.log.LogCleaner)
